# JRE version: OpenJDK Runtime Environment Temurin-17.0.10+7 (17.0.10+7) (build 17.0.10+7)
# Java VM: OpenJDK 64-Bit Server VM Temurin-17.0.10+7 (17.0.10+7, mixed mode, tiered, compressed oops, compressed class ptrs, parallel gc, windows-amd64)
GC Precious Log:
 CPUs: 8 total, 8 available
 Memory: 8025M
 Large Page Support: Disabled
 NUMA Support: Disabled
 Compressed Oops: Enabled (32-bit)
 Alignments: Space 512K, Generation 512K, Heap 2M
 Heap Min Capacity: 100M
 Heap Initial Capacity: 100M
 Heap Max Capacity: 1G
 Pre-touch: Disabled
 Parallel Workers: 8
Heap:
 PSYoungGen      total 16384K, used 3069K [0x00000000eab00000, 0x00000000ebf80000, 0x0000000100000000)
  eden space 15872K, 16% used [0x00000000eab00000,0x00000000ead847c8,0x00000000eba80000)
  from space 512K, 96% used [0x00000000ebc80000,0x00000000ebcfaf48,0x00000000ebd00000)
  to   space 2560K, 0% used [0x00000000ebd00000,0x00000000ebd00000,0x00000000ebf80000)
 ParOldGen       total 76800K, used 61121K [0x00000000c0000000, 0x00000000c4b00000, 0x00000000eab00000)
  object space 76800K, 79% used [0x00000000c0000000,0x00000000c3bb05b8,0x00000000c4b00000)
 Metaspace       used 85530K, committed 86720K, reserved 1179648K
  class space    used 9049K, committed 9600K, reserved 1048576K
GC Heap History (20 events):
Event: 180.205 GC heap before
{Heap before GC invocations=125 (full 5):
 PSYoungGen      total 17408K, used 17017K [0x00000000eab00000, 0x00000000ebd80000, 0x0000000100000000)
  eden space 16384K, 99% used [0x00000000eab00000,0x00000000ebaf6148,0x00000000ebb00000)
  from space 1024K, 65% used [0x00000000ebc00000,0x00000000ebca8550,0x00000000ebd00000)
  to   space 512K, 0% used [0x00000000ebd00000,0x00000000ebd00000,0x00000000ebd80000)
 ParOldGen       total 76800K, used 56101K [0x00000000c0000000, 0x00000000c4b00000, 0x00000000eab00000)
  object space 76800K, 73% used [0x00000000c0000000,0x00000000c36c9670,0x00000000c4b00000)
 Metaspace       used 85512K, committed 86720K, reserved 1179648K
  class space    used 9049K, committed 9600K, reserved 1048576K
}
Event: 180.206 GC heap after
{Heap after GC invocations=125 (full 5):
 PSYoungGen      total 16384K, used 504K [0x00000000eab00000, 0x00000000ec000000, 0x0000000100000000)
  eden space 15872K, 0% used [0x00000000eab00000,0x00000000eab00000,0x00000000eba80000)
  from space 512K, 98% used [0x00000000ebd00000,0x00000000ebd7e008,0x00000000ebd80000)
  to   space 2560K, 0% used [0x00000000eba80000,0x00000000eba80000,0x00000000ebd00000)
 ParOldGen       total 76800K, used 57808K [0x00000000c0000000, 0x00000000c4b00000, 0x00000000eab00000)
  object space 76800K, 75% used [0x00000000c0000000,0x00000000c3874190,0x00000000c4b00000)
 Metaspace       used 85512K, committed 86720K, reserved 1179648K
  class space    used 9049K, committed 9600K, reserved 1048576K
}
Event: 180.269 GC heap before
{Heap before GC invocations=126 (full 5):
 PSYoungGen      total 16384K, used 16305K [0x00000000eab00000, 0x00000000ec000000, 0x0000000100000000)
  eden space 15872K, 99% used [0x00000000eab00000,0x00000000eba6e5a8,0x00000000eba80000)
  from space 512K, 98% used [0x00000000ebd00000,0x00000000ebd7e008,0x00000000ebd80000)
  to   space 2560K, 0% used [0x00000000eba80000,0x00000000eba80000,0x00000000ebd00000)
 ParOldGen       total 76800K, used 57808K [0x00000000c0000000, 0x00000000c4b00000, 0x00000000eab00000)
  object space 76800K, 75% used [0x00000000c0000000,0x00000000c3874190,0x00000000c4b00000)
 Metaspace       used 85512K, committed 86720K, reserved 1179648K
  class space    used 9049K, committed 9600K, reserved 1048576K
}
Event: 180.270 GC heap after
{Heap after GC invocations=126 (full 5):
 PSYoungGen      total 18432K, used 2524K [0x00000000eab00000, 0x00000000ec080000, 0x0000000100000000)
  eden space 15872K, 0% used [0x00000000eab00000,0x00000000eab00000,0x00000000eba80000)
  from space 2560K, 98% used [0x00000000eba80000,0x00000000ebcf70e8,0x00000000ebd00000)
  to   space 3072K, 0% used [0x00000000ebd80000,0x00000000ebd80000,0x00000000ec080000)
 ParOldGen       total 76800K, used 57880K [0x00000000c0000000, 0x00000000c4b00000, 0x00000000eab00000)
  object space 76800K, 75% used [0x00000000c0000000,0x00000000c3886190,0x00000000c4b00000)
 Metaspace       used 85512K, committed 86720K, reserved 1179648K
  class space    used 9049K, committed 9600K, reserved 1048576K
}
Event: 180.341 GC heap before
{Heap before GC invocations=127 (full 5):
 PSYoungGen      total 18432K, used 18333K [0x00000000eab00000, 0x00000000ec080000, 0x0000000100000000)
  eden space 15872K, 99% used [0x00000000eab00000,0x00000000eba70518,0x00000000eba80000)
  from space 2560K, 98% used [0x00000000eba80000,0x00000000ebcf70e8,0x00000000ebd00000)
  to   space 3072K, 0% used [0x00000000ebd80000,0x00000000ebd80000,0x00000000ec080000)
 ParOldGen       total 76800K, used 57880K [0x00000000c0000000, 0x00000000c4b00000, 0x00000000eab00000)
  object space 76800K, 75% used [0x00000000c0000000,0x00000000c3886190,0x00000000c4b00000)
 Metaspace       used 85512K, committed 86720K, reserved 1179648K
  class space    used 9049K, committed 9600K, reserved 1048576K
}
Event: 180.342 GC heap after
{Heap after GC invocations=127 (full 5):
 PSYoungGen      total 16384K, used 192K [0x00000000eab00000, 0x00000000ebe00000, 0x0000000100000000)
  eden space 15872K, 0% used [0x00000000eab00000,0x00000000eab00000,0x00000000eba80000)
  from space 512K, 37% used [0x00000000ebd80000,0x00000000ebdb0000,0x00000000ebe00000)
  to   space 1536K, 0% used [0x00000000ebb00000,0x00000000ebb00000,0x00000000ebc80000)
 ParOldGen       total 76800K, used 58344K [0x00000000c0000000, 0x00000000c4b00000, 0x00000000eab00000)
  object space 76800K, 75% used [0x00000000c0000000,0x00000000c38fa190,0x00000000c4b00000)
 Metaspace       used 85512K, committed 86720K, reserved 1179648K
  class space    used 9049K, committed 9600K, reserved 1048576K
}
Event: 180.392 GC heap before
{Heap before GC invocations=128 (full 5):
 PSYoungGen      total 16384K, used 15380K [0x00000000eab00000, 0x00000000ebe00000, 0x0000000100000000)
  eden space 15872K, 95% used [0x00000000eab00000,0x00000000eb9d5010,0x00000000eba80000)
  from space 512K, 37% used [0x00000000ebd80000,0x00000000ebdb0000,0x00000000ebe00000)
  to   space 1536K, 0% used [0x00000000ebb00000,0x00000000ebb00000,0x00000000ebc80000)
 ParOldGen       total 76800K, used 58344K [0x00000000c0000000, 0x00000000c4b00000, 0x00000000eab00000)
  object space 76800K, 75% used [0x00000000c0000000,0x00000000c38fa190,0x00000000c4b00000)
 Metaspace       used 85514K, committed 86720K, reserved 1179648K
  class space    used 9049K, committed 9600K, reserved 1048576K
}
Event: 180.393 GC heap after
{Heap after GC invocations=128 (full 5):
 PSYoungGen      total 17408K, used 256K [0x00000000eab00000, 0x00000000ebe00000, 0x0000000100000000)
  eden space 15872K, 0% used [0x00000000eab00000,0x00000000eab00000,0x00000000eba80000)
  from space 1536K, 16% used [0x00000000ebb00000,0x00000000ebb40000,0x00000000ebc80000)
  to   space 512K, 0% used [0x00000000ebd80000,0x00000000ebd80000,0x00000000ebe00000)
 ParOldGen       total 76800K, used 58352K [0x00000000c0000000, 0x00000000c4b00000, 0x00000000eab00000)
  object space 76800K, 75% used [0x00000000c0000000,0x00000000c38fc190,0x00000000c4b00000)
 Metaspace       used 85514K, committed 86720K, reserved 1179648K
  class space    used 9049K, committed 9600K, reserved 1048576K
}
Event: 180.445 GC heap before
{Heap before GC invocations=129 (full 5):
 PSYoungGen      total 17408K, used 15699K [0x00000000eab00000, 0x00000000ebe00000, 0x0000000100000000)
  eden space 15872K, 97% used [0x00000000eab00000,0x00000000eba14e60,0x00000000eba80000)
  from space 1536K, 16% used [0x00000000ebb00000,0x00000000ebb40000,0x00000000ebc80000)
  to   space 512K, 0% used [0x00000000ebd80000,0x00000000ebd80000,0x00000000ebe00000)
 ParOldGen       total 76800K, used 58352K [0x00000000c0000000, 0x00000000c4b00000, 0x00000000eab00000)
  object space 76800K, 75% used [0x00000000c0000000,0x00000000c38fc190,0x00000000c4b00000)
 Metaspace       used 85515K, committed 86720K, reserved 1179648K
  class space    used 9049K, committed 9600K, reserved 1048576K
}
Event: 180.446 GC heap after
{Heap after GC invocations=129 (full 5):
 PSYoungGen      total 16384K, used 224K [0x00000000eab00000, 0x00000000ebe00000, 0x0000000100000000)
  eden space 15872K, 0% used [0x00000000eab00000,0x00000000eab00000,0x00000000eba80000)
  from space 512K, 43% used [0x00000000ebd80000,0x00000000ebdb8000,0x00000000ebe00000)
  to   space 512K, 0% used [0x00000000ebd00000,0x00000000ebd00000,0x00000000ebd80000)
 ParOldGen       total 76800K, used 58359K [0x00000000c0000000, 0x00000000c4b00000, 0x00000000eab00000)
  object space 76800K, 75% used [0x00000000c0000000,0x00000000c38fdca0,0x00000000c4b00000)
 Metaspace       used 85515K, committed 86720K, reserved 1179648K
  class space    used 9049K, committed 9600K, reserved 1048576K
}
Event: 180.497 GC heap before
{Heap before GC invocations=130 (full 5):
 PSYoungGen      total 16384K, used 16096K [0x00000000eab00000, 0x00000000ebe00000, 0x0000000100000000)
  eden space 15872K, 100% used [0x00000000eab00000,0x00000000eba80000,0x00000000eba80000)
  from space 512K, 43% used [0x00000000ebd80000,0x00000000ebdb8000,0x00000000ebe00000)
  to   space 512K, 0% used [0x00000000ebd00000,0x00000000ebd00000,0x00000000ebd80000)
 ParOldGen       total 76800K, used 58359K [0x00000000c0000000, 0x00000000c4b00000, 0x00000000eab00000)
  object space 76800K, 75% used [0x00000000c0000000,0x00000000c38fdca0,0x00000000c4b00000)
 Metaspace       used 85515K, committed 86720K, reserved 1179648K
  class space    used 9049K, committed 9600K, reserved 1048576K
}
Event: 180.497 GC heap after
{Heap after GC invocations=130 (full 5):
 PSYoungGen      total 16384K, used 256K [0x00000000eab00000, 0x00000000ebe00000, 0x0000000100000000)
  eden space 15872K, 0% used [0x00000000eab00000,0x00000000eab00000,0x00000000eba80000)
  from space 512K, 50% used [0x00000000ebd00000,0x00000000ebd40000,0x00000000ebd80000)
  to   space 512K, 0% used [0x00000000ebd80000,0x00000000ebd80000,0x00000000ebe00000)
 ParOldGen       total 76800K, used 58452K [0x00000000c0000000, 0x00000000c4b00000, 0x00000000eab00000)
  object space 76800K, 76% used [0x00000000c0000000,0x00000000c3915120,0x00000000c4b00000)
 Metaspace       used 85515K, committed 86720K, reserved 1179648K
  class space    used 9049K, committed 9600K, reserved 1048576K
}
Event: 180.560 GC heap before
{Heap before GC invocations=131 (full 5):
 PSYoungGen      total 16384K, used 15704K [0x00000000eab00000, 0x00000000ebe00000, 0x0000000100000000)
  eden space 15872K, 97% used [0x00000000eab00000,0x00000000eba163f8,0x00000000eba80000)
  from space 512K, 50% used [0x00000000ebd00000,0x00000000ebd40000,0x00000000ebd80000)
  to   space 512K, 0% used [0x00000000ebd80000,0x00000000ebd80000,0x00000000ebe00000)
 ParOldGen       total 76800K, used 58452K [0x00000000c0000000, 0x00000000c4b00000, 0x00000000eab00000)
  object space 76800K, 76% used [0x00000000c0000000,0x00000000c3915120,0x00000000c4b00000)
 Metaspace       used 85515K, committed 86720K, reserved 1179648K
  class space    used 9049K, committed 9600K, reserved 1048576K
}
Event: 180.561 GC heap after
{Heap after GC invocations=131 (full 5):
 PSYoungGen      total 16384K, used 512K [0x00000000eab00000, 0x00000000ebe00000, 0x0000000100000000)
  eden space 15872K, 0% used [0x00000000eab00000,0x00000000eab00000,0x00000000eba80000)
  from space 512K, 100% used [0x00000000ebd80000,0x00000000ebe00000,0x00000000ebe00000)
  to   space 1024K, 0% used [0x00000000ebc00000,0x00000000ebc00000,0x00000000ebd00000)
 ParOldGen       total 76800K, used 58556K [0x00000000c0000000, 0x00000000c4b00000, 0x00000000eab00000)
  object space 76800K, 76% used [0x00000000c0000000,0x00000000c392f120,0x00000000c4b00000)
 Metaspace       used 85515K, committed 86720K, reserved 1179648K
  class space    used 9049K, committed 9600K, reserved 1048576K
}
Event: 180.615 GC heap before
{Heap before GC invocations=132 (full 5):
 PSYoungGen      total 16384K, used 15759K [0x00000000eab00000, 0x00000000ebe00000, 0x0000000100000000)
  eden space 15872K, 96% used [0x00000000eab00000,0x00000000eb9e3c80,0x00000000eba80000)
  from space 512K, 100% used [0x00000000ebd80000,0x00000000ebe00000,0x00000000ebe00000)
  to   space 1024K, 0% used [0x00000000ebc00000,0x00000000ebc00000,0x00000000ebd00000)
 ParOldGen       total 76800K, used 58556K [0x00000000c0000000, 0x00000000c4b00000, 0x00000000eab00000)
  object space 76800K, 76% used [0x00000000c0000000,0x00000000c392f120,0x00000000c4b00000)
 Metaspace       used 85515K, committed 86720K, reserved 1179648K
  class space    used 9049K, committed 9600K, reserved 1048576K
}
Event: 180.616 GC heap after
{Heap after GC invocations=132 (full 5):
 PSYoungGen      total 16896K, used 608K [0x00000000eab00000, 0x00000000ebe00000, 0x0000000100000000)
  eden space 15872K, 0% used [0x00000000eab00000,0x00000000eab00000,0x00000000eba80000)
  from space 1024K, 59% used [0x00000000ebc00000,0x00000000ebc98000,0x00000000ebd00000)
  to   space 1024K, 0% used [0x00000000ebd00000,0x00000000ebd00000,0x00000000ebe00000)
 ParOldGen       total 76800K, used 59057K [0x00000000c0000000, 0x00000000c4b00000, 0x00000000eab00000)
  object space 76800K, 76% used [0x00000000c0000000,0x00000000c39ac5a0,0x00000000c4b00000)
 Metaspace       used 85515K, committed 86720K, reserved 1179648K
  class space    used 9049K, committed 9600K, reserved 1048576K
}
Event: 180.669 GC heap before
{Heap before GC invocations=133 (full 5):
 PSYoungGen      total 16896K, used 15692K [0x00000000eab00000, 0x00000000ebe00000, 0x0000000100000000)
  eden space 15872K, 95% used [0x00000000eab00000,0x00000000eb9bb130,0x00000000eba80000)
  from space 1024K, 59% used [0x00000000ebc00000,0x00000000ebc98000,0x00000000ebd00000)
  to   space 1024K, 0% used [0x00000000ebd00000,0x00000000ebd00000,0x00000000ebe00000)
 ParOldGen       total 76800K, used 59057K [0x00000000c0000000, 0x00000000c4b00000, 0x00000000eab00000)
  object space 76800K, 76% used [0x00000000c0000000,0x00000000c39ac5a0,0x00000000c4b00000)
 Metaspace       used 85518K, committed 86720K, reserved 1179648K
  class space    used 9049K, committed 9600K, reserved 1048576K
}
Event: 180.670 GC heap after
{Heap after GC invocations=133 (full 5):
 PSYoungGen      total 16384K, used 160K [0x00000000eab00000, 0x00000000ebd80000, 0x0000000100000000)
  eden space 15872K, 0% used [0x00000000eab00000,0x00000000eab00000,0x00000000eba80000)
  from space 512K, 31% used [0x00000000ebd00000,0x00000000ebd28000,0x00000000ebd80000)
  to   space 512K, 0% used [0x00000000ebc80000,0x00000000ebc80000,0x00000000ebd00000)
 ParOldGen       total 76800K, used 59537K [0x00000000c0000000, 0x00000000c4b00000, 0x00000000eab00000)
  object space 76800K, 77% used [0x00000000c0000000,0x00000000c3a245a0,0x00000000c4b00000)
 Metaspace       used 85518K, committed 86720K, reserved 1179648K
  class space    used 9049K, committed 9600K, reserved 1048576K
}
Event: 180.729 GC heap before
{Heap before GC invocations=134 (full 5):
 PSYoungGen      total 16384K, used 16032K [0x00000000eab00000, 0x00000000ebd80000, 0x0000000100000000)
  eden space 15872K, 100% used [0x00000000eab00000,0x00000000eba80000,0x00000000eba80000)
  from space 512K, 31% used [0x00000000ebd00000,0x00000000ebd28000,0x00000000ebd80000)
  to   space 512K, 0% used [0x00000000ebc80000,0x00000000ebc80000,0x00000000ebd00000)
 ParOldGen       total 76800K, used 59537K [0x00000000c0000000, 0x00000000c4b00000, 0x00000000eab00000)
  object space 76800K, 77% used [0x00000000c0000000,0x00000000c3a245a0,0x00000000c4b00000)
 Metaspace       used 85518K, committed 86720K, reserved 1179648K
  class space    used 9049K, committed 9600K, reserved 1048576K
}
Event: 180.730 GC heap after
{Heap after GC invocations=134 (full 5):
 PSYoungGen      total 16384K, used 491K [0x00000000eab00000, 0x00000000ebf80000, 0x0000000100000000)
  eden space 15872K, 0% used [0x00000000eab00000,0x00000000eab00000,0x00000000eba80000)
  from space 512K, 96% used [0x00000000ebc80000,0x00000000ebcfaf48,0x00000000ebd00000)
  to   space 2560K, 0% used [0x00000000ebd00000,0x00000000ebd00000,0x00000000ebf80000)
 ParOldGen       total 76800K, used 61121K [0x00000000c0000000, 0x00000000c4b00000, 0x00000000eab00000)
  object space 76800K, 79% used [0x00000000c0000000,0x00000000c3bb05b8,0x00000000c4b00000)
 Metaspace       used 85518K, committed 86720K, reserved 1179648K
  class space    used 9049K, committed 9600K, reserved 1048576K
}

