# JRE version: OpenJDK Runtime Environment Temurin-17.0.10+7 (17.0.10+7) (build 17.0.10+7)
# Java VM: OpenJDK 64-Bit Server VM Temurin-17.0.10+7 (17.0.10+7, mixed mode, tiered, compressed oops, compressed class ptrs, parallel gc, windows-amd64)
GC Precious Log:
 CPUs: 8 total, 8 available
 Memory: 8025M
 Large Page Support: Disabled
 NUMA Support: Disabled
 Compressed Oops: Enabled (32-bit)
 Alignments: Space 512K, Generation 512K, Heap 2M
 Heap Min Capacity: 100M
 Heap Initial Capacity: 100M
 Heap Max Capacity: 1G
 Pre-touch: Disabled
 Parallel Workers: 8
Heap:
 PSYoungGen      total 3072K, used 1321K [0x00000000eab00000, 0x00000000eaf00000, 0x0000000100000000)
  eden space 2560K, 51% used [0x00000000eab00000,0x00000000eac4a568,0x00000000ead80000)
  from space 512K, 0% used [0x00000000eae00000,0x00000000eae00000,0x00000000eae80000)
  to   space 512K, 0% used [0x00000000eae80000,0x00000000eae80000,0x00000000eaf00000)
 ParOldGen       total 169984K, used 133674K [0x00000000c0000000, 0x00000000ca600000, 0x00000000eab00000)
  object space 169984K, 78% used [0x00000000c0000000,0x00000000c828a990,0x00000000ca600000)
 Metaspace       used 95074K, committed 96320K, reserved 1179648K
  class space    used 9196K, committed 9728K, reserved 1048576K
GC Heap History (20 events):
Event: 10212.181 GC heap before
{Heap before GC invocations=20811 (full 549):
 PSYoungGen      total 3072K, used 2800K [0x00000000eab00000, 0x00000000eb000000, 0x0000000100000000)
  eden space 1536K, 100% used [0x00000000eab00000,0x00000000eac80000,0x00000000eac80000)
  from space 1536K, 82% used [0x00000000eac80000,0x00000000eadbc000,0x00000000eae00000)
  to   space 1536K, 0% used [0x00000000eae80000,0x00000000eae80000,0x00000000eb000000)
 ParOldGen       total 175104K, used 169930K [0x00000000c0000000, 0x00000000cab00000, 0x00000000eab00000)
  object space 175104K, 97% used [0x00000000c0000000,0x00000000ca5f28d0,0x00000000cab00000)
 Metaspace       used 94991K, committed 96192K, reserved 1179648K
  class space    used 9187K, committed 9728K, reserved 1048576K
}
Event: 10212.183 GC heap after
{Heap after GC invocations=20811 (full 549):
 PSYoungGen      total 3072K, used 704K [0x00000000eab00000, 0x00000000eaf80000, 0x0000000100000000)
  eden space 2048K, 0% used [0x00000000eab00000,0x00000000eab00000,0x00000000ead00000)
  from space 1024K, 68% used [0x00000000eae80000,0x00000000eaf30000,0x00000000eaf80000)
  to   space 1024K, 0% used [0x00000000ead80000,0x00000000ead80000,0x00000000eae80000)
 ParOldGen       total 175104K, used 171066K [0x00000000c0000000, 0x00000000cab00000, 0x00000000eab00000)
  object space 175104K, 97% used [0x00000000c0000000,0x00000000ca70e8d0,0x00000000cab00000)
 Metaspace       used 94991K, committed 96192K, reserved 1179648K
  class space    used 9187K, committed 9728K, reserved 1048576K
}
Event: 10212.509 GC heap before
{Heap before GC invocations=20812 (full 549):
 PSYoungGen      total 3072K, used 2752K [0x00000000eab00000, 0x00000000eaf80000, 0x0000000100000000)
  eden space 2048K, 100% used [0x00000000eab00000,0x00000000ead00000,0x00000000ead00000)
  from space 1024K, 68% used [0x00000000eae80000,0x00000000eaf30000,0x00000000eaf80000)
  to   space 1024K, 0% used [0x00000000ead80000,0x00000000ead80000,0x00000000eae80000)
 ParOldGen       total 175104K, used 171066K [0x00000000c0000000, 0x00000000cab00000, 0x00000000eab00000)
  object space 175104K, 97% used [0x00000000c0000000,0x00000000ca70e8d0,0x00000000cab00000)
 Metaspace       used 94991K, committed 96192K, reserved 1179648K
  class space    used 9187K, committed 9728K, reserved 1048576K
}
Event: 10212.510 GC heap after
{Heap after GC invocations=20812 (full 549):
 PSYoungGen      total 3584K, used 528K [0x00000000eab00000, 0x00000000eaf80000, 0x0000000100000000)
  eden space 2560K, 0% used [0x00000000eab00000,0x00000000eab00000,0x00000000ead80000)
  from space 1024K, 51% used [0x00000000ead80000,0x00000000eae04030,0x00000000eae80000)
  to   space 1024K, 0% used [0x00000000eae80000,0x00000000eae80000,0x00000000eaf80000)
 ParOldGen       total 175104K, used 171122K [0x00000000c0000000, 0x00000000cab00000, 0x00000000eab00000)
  object space 175104K, 97% used [0x00000000c0000000,0x00000000ca71c8d0,0x00000000cab00000)
 Metaspace       used 94991K, committed 96192K, reserved 1179648K
  class space    used 9187K, committed 9728K, reserved 1048576K
}
Event: 10212.672 GC heap before
{Heap before GC invocations=20813 (full 549):
 PSYoungGen      total 3584K, used 3088K [0x00000000eab00000, 0x00000000eaf80000, 0x0000000100000000)
  eden space 2560K, 100% used [0x00000000eab00000,0x00000000ead80000,0x00000000ead80000)
  from space 1024K, 51% used [0x00000000ead80000,0x00000000eae04030,0x00000000eae80000)
  to   space 1024K, 0% used [0x00000000eae80000,0x00000000eae80000,0x00000000eaf80000)
 ParOldGen       total 175104K, used 171122K [0x00000000c0000000, 0x00000000cab00000, 0x00000000eab00000)
  object space 175104K, 97% used [0x00000000c0000000,0x00000000ca71c8d0,0x00000000cab00000)
 Metaspace       used 94991K, committed 96192K, reserved 1179648K
  class space    used 9187K, committed 9728K, reserved 1048576K
}
Event: 10212.673 GC heap after
{Heap after GC invocations=20813 (full 549):
 PSYoungGen      total 3072K, used 448K [0x00000000eab00000, 0x00000000eaf00000, 0x0000000100000000)
  eden space 2560K, 0% used [0x00000000eab00000,0x00000000eab00000,0x00000000ead80000)
  from space 512K, 87% used [0x00000000eae80000,0x00000000eaef0000,0x00000000eaf00000)
  to   space 512K, 0% used [0x00000000eae00000,0x00000000eae00000,0x00000000eae80000)
 ParOldGen       total 175104K, used 171208K [0x00000000c0000000, 0x00000000cab00000, 0x00000000eab00000)
  object space 175104K, 97% used [0x00000000c0000000,0x00000000ca7321d8,0x00000000cab00000)
 Metaspace       used 94991K, committed 96192K, reserved 1179648K
  class space    used 9187K, committed 9728K, reserved 1048576K
}
Event: 10212.896 GC heap before
{Heap before GC invocations=20814 (full 549):
 PSYoungGen      total 3072K, used 3008K [0x00000000eab00000, 0x00000000eaf00000, 0x0000000100000000)
  eden space 2560K, 100% used [0x00000000eab00000,0x00000000ead80000,0x00000000ead80000)
  from space 512K, 87% used [0x00000000eae80000,0x00000000eaef0000,0x00000000eaf00000)
  to   space 512K, 0% used [0x00000000eae00000,0x00000000eae00000,0x00000000eae80000)
 ParOldGen       total 175104K, used 171208K [0x00000000c0000000, 0x00000000cab00000, 0x00000000eab00000)
  object space 175104K, 97% used [0x00000000c0000000,0x00000000ca7321d8,0x00000000cab00000)
 Metaspace       used 94991K, committed 96192K, reserved 1179648K
  class space    used 9187K, committed 9728K, reserved 1048576K
}
Event: 10212.898 GC heap after
{Heap after GC invocations=20814 (full 549):
 PSYoungGen      total 3072K, used 320K [0x00000000eab00000, 0x00000000eaf00000, 0x0000000100000000)
  eden space 2560K, 0% used [0x00000000eab00000,0x00000000eab00000,0x00000000ead80000)
  from space 512K, 62% used [0x00000000eae00000,0x00000000eae50020,0x00000000eae80000)
  to   space 512K, 0% used [0x00000000eae80000,0x00000000eae80000,0x00000000eaf00000)
 ParOldGen       total 175104K, used 171240K [0x00000000c0000000, 0x00000000cab00000, 0x00000000eab00000)
  object space 175104K, 97% used [0x00000000c0000000,0x00000000ca73a1d8,0x00000000cab00000)
 Metaspace       used 94991K, committed 96192K, reserved 1179648K
  class space    used 9187K, committed 9728K, reserved 1048576K
}
Event: 10212.908 GC heap before
{Heap before GC invocations=20815 (full 549):
 PSYoungGen      total 3072K, used 2873K [0x00000000eab00000, 0x00000000eaf00000, 0x0000000100000000)
  eden space 2560K, 99% used [0x00000000eab00000,0x00000000ead7e5c8,0x00000000ead80000)
  from space 512K, 62% used [0x00000000eae00000,0x00000000eae50020,0x00000000eae80000)
  to   space 512K, 0% used [0x00000000eae80000,0x00000000eae80000,0x00000000eaf00000)
 ParOldGen       total 175104K, used 174238K [0x00000000c0000000, 0x00000000cab00000, 0x00000000eab00000)
  object space 175104K, 99% used [0x00000000c0000000,0x00000000caa27908,0x00000000cab00000)
 Metaspace       used 94991K, committed 96192K, reserved 1179648K
  class space    used 9187K, committed 9728K, reserved 1048576K
}
Event: 10212.909 GC heap after
{Heap after GC invocations=20815 (full 549):
 PSYoungGen      total 3072K, used 494K [0x00000000eab00000, 0x00000000eaf80000, 0x0000000100000000)
  eden space 2560K, 0% used [0x00000000eab00000,0x00000000eab00000,0x00000000ead80000)
  from space 512K, 96% used [0x00000000eae80000,0x00000000eaefbac0,0x00000000eaf00000)
  to   space 1024K, 0% used [0x00000000ead80000,0x00000000ead80000,0x00000000eae80000)
 ParOldGen       total 175104K, used 174358K [0x00000000c0000000, 0x00000000cab00000, 0x00000000eab00000)
  object space 175104K, 99% used [0x00000000c0000000,0x00000000caa45928,0x00000000cab00000)
 Metaspace       used 94991K, committed 96192K, reserved 1179648K
  class space    used 9187K, committed 9728K, reserved 1048576K
}
Event: 10212.916 GC heap before
{Heap before GC invocations=20816 (full 549):
 PSYoungGen      total 3072K, used 2901K [0x00000000eab00000, 0x00000000eaf80000, 0x0000000100000000)
  eden space 2560K, 94% used [0x00000000eab00000,0x00000000ead59a80,0x00000000ead80000)
  from space 512K, 96% used [0x00000000eae80000,0x00000000eaefbac0,0x00000000eaf00000)
  to   space 1024K, 0% used [0x00000000ead80000,0x00000000ead80000,0x00000000eae80000)
 ParOldGen       total 175104K, used 174358K [0x00000000c0000000, 0x00000000cab00000, 0x00000000eab00000)
  object space 175104K, 99% used [0x00000000c0000000,0x00000000caa45928,0x00000000cab00000)
 Metaspace       used 94991K, committed 96192K, reserved 1179648K
  class space    used 9187K, committed 9728K, reserved 1048576K
}
Event: 10212.917 GC heap after
{Heap after GC invocations=20816 (full 549):
 PSYoungGen      total 3584K, used 160K [0x00000000eab00000, 0x00000000eaf00000, 0x0000000100000000)
  eden space 2560K, 0% used [0x00000000eab00000,0x00000000eab00000,0x00000000ead80000)
  from space 1024K, 15% used [0x00000000ead80000,0x00000000eada8000,0x00000000eae80000)
  to   space 512K, 0% used [0x00000000eae80000,0x00000000eae80000,0x00000000eaf00000)
 ParOldGen       total 175104K, used 174414K [0x00000000c0000000, 0x00000000cab00000, 0x00000000eab00000)
  object space 175104K, 99% used [0x00000000c0000000,0x00000000caa53928,0x00000000cab00000)
 Metaspace       used 94991K, committed 96192K, reserved 1179648K
  class space    used 9187K, committed 9728K, reserved 1048576K
}
Event: 10212.951 GC heap before
{Heap before GC invocations=20817 (full 549):
 PSYoungGen      total 3584K, used 2720K [0x00000000eab00000, 0x00000000eaf00000, 0x0000000100000000)
  eden space 2560K, 100% used [0x00000000eab00000,0x00000000ead80000,0x00000000ead80000)
  from space 1024K, 15% used [0x00000000ead80000,0x00000000eada8000,0x00000000eae80000)
  to   space 512K, 0% used [0x00000000eae80000,0x00000000eae80000,0x00000000eaf00000)
 ParOldGen       total 175104K, used 174414K [0x00000000c0000000, 0x00000000cab00000, 0x00000000eab00000)
  object space 175104K, 99% used [0x00000000c0000000,0x00000000caa53928,0x00000000cab00000)
 Metaspace       used 94991K, committed 96192K, reserved 1179648K
  class space    used 9187K, committed 9728K, reserved 1048576K
}
Event: 10212.952 GC heap after
{Heap after GC invocations=20817 (full 549):
 PSYoungGen      total 3072K, used 416K [0x00000000eab00000, 0x00000000eaf00000, 0x0000000100000000)
  eden space 2560K, 0% used [0x00000000eab00000,0x00000000eab00000,0x00000000ead80000)
  from space 512K, 81% used [0x00000000eae80000,0x00000000eaee8020,0x00000000eaf00000)
  to   space 512K, 0% used [0x00000000eae00000,0x00000000eae00000,0x00000000eae80000)
 ParOldGen       total 175104K, used 174430K [0x00000000c0000000, 0x00000000cab00000, 0x00000000eab00000)
  object space 175104K, 99% used [0x00000000c0000000,0x00000000caa57928,0x00000000cab00000)
 Metaspace       used 94991K, committed 96192K, reserved 1179648K
  class space    used 9187K, committed 9728K, reserved 1048576K
}
Event: 10212.959 GC heap before
{Heap before GC invocations=20818 (full 549):
 PSYoungGen      total 3072K, used 2974K [0x00000000eab00000, 0x00000000eaf00000, 0x0000000100000000)
  eden space 2560K, 99% used [0x00000000eab00000,0x00000000ead7fb88,0x00000000ead80000)
  from space 512K, 81% used [0x00000000eae80000,0x00000000eaee8020,0x00000000eaf00000)
  to   space 512K, 0% used [0x00000000eae00000,0x00000000eae00000,0x00000000eae80000)
 ParOldGen       total 175104K, used 174430K [0x00000000c0000000, 0x00000000cab00000, 0x00000000eab00000)
  object space 175104K, 99% used [0x00000000c0000000,0x00000000caa57928,0x00000000cab00000)
 Metaspace       used 94991K, committed 96192K, reserved 1179648K
  class space    used 9187K, committed 9728K, reserved 1048576K
}
Event: 10212.961 GC heap after
{Heap after GC invocations=20818 (full 549):
 PSYoungGen      total 3072K, used 496K [0x00000000eab00000, 0x00000000eaf80000, 0x0000000100000000)
  eden space 2560K, 0% used [0x00000000eab00000,0x00000000eab00000,0x00000000ead80000)
  from space 512K, 96% used [0x00000000eae00000,0x00000000eae7c030,0x00000000eae80000)
  to   space 1024K, 0% used [0x00000000eae80000,0x00000000eae80000,0x00000000eaf80000)
 ParOldGen       total 175104K, used 174556K [0x00000000c0000000, 0x00000000cab00000, 0x00000000eab00000)
  object space 175104K, 99% used [0x00000000c0000000,0x00000000caa77240,0x00000000cab00000)
 Metaspace       used 94991K, committed 96192K, reserved 1179648K
  class space    used 9187K, committed 9728K, reserved 1048576K
}
Event: 10217.833 GC heap before
{Heap before GC invocations=20819 (full 549):
 PSYoungGen      total 3072K, used 3056K [0x00000000eab00000, 0x00000000eaf80000, 0x0000000100000000)
  eden space 2560K, 100% used [0x00000000eab00000,0x00000000ead80000,0x00000000ead80000)
  from space 512K, 96% used [0x00000000eae00000,0x00000000eae7c030,0x00000000eae80000)
  to   space 1024K, 0% used [0x00000000eae80000,0x00000000eae80000,0x00000000eaf80000)
 ParOldGen       total 175104K, used 174556K [0x00000000c0000000, 0x00000000cab00000, 0x00000000eab00000)
  object space 175104K, 99% used [0x00000000c0000000,0x00000000caa77240,0x00000000cab00000)
 Metaspace       used 95007K, committed 96256K, reserved 1179648K
  class space    used 9188K, committed 9728K, reserved 1048576K
}
Event: 10217.834 GC heap after
{Heap after GC invocations=20819 (full 549):
 PSYoungGen      total 3072K, used 336K [0x00000000eab00000, 0x00000000eaf00000, 0x0000000100000000)
  eden space 2560K, 0% used [0x00000000eab00000,0x00000000eab00000,0x00000000ead80000)
  from space 512K, 65% used [0x00000000eae80000,0x00000000eaed4030,0x00000000eaf00000)
  to   space 512K, 0% used [0x00000000eae00000,0x00000000eae00000,0x00000000eae80000)
 ParOldGen       total 175104K, used 175047K [0x00000000c0000000, 0x00000000cab00000, 0x00000000eab00000)
  object space 175104K, 99% used [0x00000000c0000000,0x00000000caaf1e20,0x00000000cab00000)
 Metaspace       used 95007K, committed 96256K, reserved 1179648K
  class space    used 9188K, committed 9728K, reserved 1048576K
}
Event: 10217.834 GC heap before
{Heap before GC invocations=20820 (full 550):
 PSYoungGen      total 3072K, used 336K [0x00000000eab00000, 0x00000000eaf00000, 0x0000000100000000)
  eden space 2560K, 0% used [0x00000000eab00000,0x00000000eab00000,0x00000000ead80000)
  from space 512K, 65% used [0x00000000eae80000,0x00000000eaed4030,0x00000000eaf00000)
  to   space 512K, 0% used [0x00000000eae00000,0x00000000eae00000,0x00000000eae80000)
 ParOldGen       total 175104K, used 175047K [0x00000000c0000000, 0x00000000cab00000, 0x00000000eab00000)
  object space 175104K, 99% used [0x00000000c0000000,0x00000000caaf1e20,0x00000000cab00000)
 Metaspace       used 95007K, committed 96256K, reserved 1179648K
  class space    used 9188K, committed 9728K, reserved 1048576K
}
Event: 10217.977 GC heap after
{Heap after GC invocations=20820 (full 550):
 PSYoungGen      total 3072K, used 0K [0x00000000eab00000, 0x00000000eaf00000, 0x0000000100000000)
  eden space 2560K, 0% used [0x00000000eab00000,0x00000000eab00000,0x00000000ead80000)
  from space 512K, 0% used [0x00000000eae00000,0x00000000eae00000,0x00000000eae80000)
  to   space 512K, 0% used [0x00000000eae80000,0x00000000eae80000,0x00000000eaf00000)
 ParOldGen       total 169984K, used 133674K [0x00000000c0000000, 0x00000000ca600000, 0x00000000eab00000)
  object space 169984K, 78% used [0x00000000c0000000,0x00000000c828a990,0x00000000ca600000)
 Metaspace       used 95007K, committed 96256K, reserved 1179648K
  class space    used 9188K, committed 9728K, reserved 1048576K
}

